2018-10-11 06:57:44: -- Analysis Started by On File Change First Full Analyze Upon File Monitoring Start
2018-10-11 06:57:44: /page/matlabreference/index.html: R:TimeSize<>; Warning: Older file to replace Newer file
2018-10-11 06:57:44: Changes: 86, Conflicts: 0, CopyTime: 0, FixState: 0, Errors: 0, All: 158
2018-10-11 06:57:44: Left to Right: Copy File: 1 Delete File: 85 
2018-10-11 06:57:44: On File Change Monitoring started on file:///~Pooya/Documents/GitHub/createMyWebsite/public
2018-10-11 06:57:44: On File Change Monitoring started on file:///~Pooya/Documents/GitHub/shirazipooya.github.io
2018-10-11 06:57:44: == Sync Started by On File Change First Full Analyze Upon File Monitoring Start
2018-10-11 06:57:44: Delete File 'C:/Users/Pooya/Documents/GitHub/shirazipooya.github.io/page/matlabreference/books/book_01.pdf'
2018-10-11 06:57:44: Delete File 'C:/Users/Pooya/Documents/GitHub/shirazipooya.github.io/page/matlabreference/books/book_02.pdf'
2018-10-11 06:57:44: Delete File 'C:/Users/Pooya/Documents/GitHub/shirazipooya.github.io/page/matlabreference/books/book_03.pdf'
2018-10-11 06:57:44: Delete File 'C:/Users/Pooya/Documents/GitHub/shirazipooya.github.io/page/matlabreference/books/book_04.pdf'
2018-10-11 06:57:44: Delete File 'C:/Users/Pooya/Documents/GitHub/shirazipooya.github.io/page/matlabreference/books/book_05.pdf'
2018-10-11 06:57:44: Delete Folder 'C:/Users/Pooya/Documents/GitHub/shirazipooya.github.io/page/matlabreference/books'
2018-10-11 06:57:44: Delete File 'C:/Users/Pooya/Documents/GitHub/shirazipooya.github.io/page/matlabreference/categories/index.xml'
2018-10-11 06:57:44: Delete Folder 'C:/Users/Pooya/Documents/GitHub/shirazipooya.github.io/page/matlabreference/categories'
2018-10-11 06:57:44: Delete File 'C:/Users/Pooya/Documents/GitHub/shirazipooya.github.io/page/matlabreference/css/component.css'
2018-10-11 06:57:44: Delete File 'C:/Users/Pooya/Documents/GitHub/shirazipooya.github.io/page/matlabreference/css/default.css'
2018-10-11 06:57:44: Delete Folder 'C:/Users/Pooya/Documents/GitHub/shirazipooya.github.io/page/matlabreference/css'
2018-10-11 06:57:44: Delete File 'C:/Users/Pooya/Documents/GitHub/shirazipooya.github.io/page/matlabreference/images/full/1.png'
2018-10-11 06:57:44: Delete File 'C:/Users/Pooya/Documents/GitHub/shirazipooya.github.io/page/matlabreference/images/full/2.png'
2018-10-11 06:57:44: Delete File 'C:/Users/Pooya/Documents/GitHub/shirazipooya.github.io/page/matlabreference/images/full/3.png'
2018-10-11 06:57:44: Delete File 'C:/Users/Pooya/Documents/GitHub/shirazipooya.github.io/page/matlabreference/images/full/4.png'
2018-10-11 06:57:44: Delete File 'C:/Users/Pooya/Documents/GitHub/shirazipooya.github.io/page/matlabreference/images/full/5.png'
2018-10-11 06:57:44: Delete File 'C:/Users/Pooya/Documents/GitHub/shirazipooya.github.io/page/matlabreference/images/full/Book_01.png'
2018-10-11 06:57:44: Delete File 'C:/Users/Pooya/Documents/GitHub/shirazipooya.github.io/page/matlabreference/images/full/Book_02.png'
2018-10-11 06:57:44: Delete File 'C:/Users/Pooya/Documents/GitHub/shirazipooya.github.io/page/matlabreference/images/full/Book_03.png'
2018-10-11 06:57:44: Delete File 'C:/Users/Pooya/Documents/GitHub/shirazipooya.github.io/page/matlabreference/images/full/Book_04.png'
2018-10-11 06:57:44: Delete File 'C:/Users/Pooya/Documents/GitHub/shirazipooya.github.io/page/matlabreference/images/full/Book_05.png'
2018-10-11 06:57:44: Delete Folder 'C:/Users/Pooya/Documents/GitHub/shirazipooya.github.io/page/matlabreference/images/full'
2018-10-11 06:57:44: Delete File 'C:/Users/Pooya/Documents/GitHub/shirazipooya.github.io/page/matlabreference/images/thumbs/1.png'
2018-10-11 06:57:44: Delete File 'C:/Users/Pooya/Documents/GitHub/shirazipooya.github.io/page/matlabreference/images/thumbs/2.png'
2018-10-11 06:57:44: Delete File 'C:/Users/Pooya/Documents/GitHub/shirazipooya.github.io/page/matlabreference/images/thumbs/3.png'
2018-10-11 06:57:44: Delete File 'C:/Users/Pooya/Documents/GitHub/shirazipooya.github.io/page/matlabreference/images/thumbs/4.png'
2018-10-11 06:57:44: Delete File 'C:/Users/Pooya/Documents/GitHub/shirazipooya.github.io/page/matlabreference/images/thumbs/5.png'
2018-10-11 06:57:44: Delete File 'C:/Users/Pooya/Documents/GitHub/shirazipooya.github.io/page/matlabreference/images/thumbs/Book_01.png'
2018-10-11 06:57:44: Delete File 'C:/Users/Pooya/Documents/GitHub/shirazipooya.github.io/page/matlabreference/images/thumbs/Book_02.png'
2018-10-11 06:57:44: Delete File 'C:/Users/Pooya/Documents/GitHub/shirazipooya.github.io/page/matlabreference/images/thumbs/Book_03.png'
2018-10-11 06:57:44: Delete File 'C:/Users/Pooya/Documents/GitHub/shirazipooya.github.io/page/matlabreference/images/thumbs/Book_04.png'
2018-10-11 06:57:44: Delete File 'C:/Users/Pooya/Documents/GitHub/shirazipooya.github.io/page/matlabreference/images/thumbs/Book_05.png'
2018-10-11 06:57:44: Delete Folder 'C:/Users/Pooya/Documents/GitHub/shirazipooya.github.io/page/matlabreference/images/thumbs'
2018-10-11 06:57:44: Delete Folder 'C:/Users/Pooya/Documents/GitHub/shirazipooya.github.io/page/matlabreference/images'
2018-10-11 06:57:44: Delete File 'C:/Users/Pooya/Documents/GitHub/shirazipooya.github.io/page/matlabreference/index.xml'
2018-10-11 06:57:44: Delete File 'C:/Users/Pooya/Documents/GitHub/shirazipooya.github.io/page/matlabreference/js/modernizr.custom.js'
2018-10-11 06:57:44: Delete Folder 'C:/Users/Pooya/Documents/GitHub/shirazipooya.github.io/page/matlabreference/js'
2018-10-11 06:57:44: Delete File 'C:/Users/Pooya/Documents/GitHub/shirazipooya.github.io/page/matlabreference/page/matlabreference/books/book_01.pdf'
2018-10-11 06:57:44: Delete File 'C:/Users/Pooya/Documents/GitHub/shirazipooya.github.io/page/matlabreference/page/matlabreference/books/book_02.pdf'
2018-10-11 06:57:44: Delete File 'C:/Users/Pooya/Documents/GitHub/shirazipooya.github.io/page/matlabreference/page/matlabreference/books/book_03.pdf'
2018-10-11 06:57:44: Delete File 'C:/Users/Pooya/Documents/GitHub/shirazipooya.github.io/page/matlabreference/page/matlabreference/books/book_04.pdf'
2018-10-11 06:57:44: Delete File 'C:/Users/Pooya/Documents/GitHub/shirazipooya.github.io/page/matlabreference/page/matlabreference/books/book_05.pdf'
2018-10-11 06:57:44: Delete Folder 'C:/Users/Pooya/Documents/GitHub/shirazipooya.github.io/page/matlabreference/page/matlabreference/books'
2018-10-11 06:57:44: Delete File 'C:/Users/Pooya/Documents/GitHub/shirazipooya.github.io/page/matlabreference/page/matlabreference/categories/index.xml'
2018-10-11 06:57:44: Delete Folder 'C:/Users/Pooya/Documents/GitHub/shirazipooya.github.io/page/matlabreference/page/matlabreference/categories'
2018-10-11 06:57:44: Delete File 'C:/Users/Pooya/Documents/GitHub/shirazipooya.github.io/page/matlabreference/page/matlabreference/css/component.css'
2018-10-11 06:57:44: Delete File 'C:/Users/Pooya/Documents/GitHub/shirazipooya.github.io/page/matlabreference/page/matlabreference/css/default.css'
2018-10-11 06:57:44: Delete Folder 'C:/Users/Pooya/Documents/GitHub/shirazipooya.github.io/page/matlabreference/page/matlabreference/css'
2018-10-11 06:57:45: Delete File 'C:/Users/Pooya/Documents/GitHub/shirazipooya.github.io/page/matlabreference/page/matlabreference/images/full/1.png'
2018-10-11 06:57:45: Delete File 'C:/Users/Pooya/Documents/GitHub/shirazipooya.github.io/page/matlabreference/page/matlabreference/images/full/2.png'
2018-10-11 06:57:45: Delete File 'C:/Users/Pooya/Documents/GitHub/shirazipooya.github.io/page/matlabreference/page/matlabreference/images/full/3.png'
2018-10-11 06:57:45: Delete File 'C:/Users/Pooya/Documents/GitHub/shirazipooya.github.io/page/matlabreference/page/matlabreference/images/full/4.png'
2018-10-11 06:57:45: Delete File 'C:/Users/Pooya/Documents/GitHub/shirazipooya.github.io/page/matlabreference/page/matlabreference/images/full/5.png'
2018-10-11 06:57:45: Delete File 'C:/Users/Pooya/Documents/GitHub/shirazipooya.github.io/page/matlabreference/page/matlabreference/images/full/Book_01.png'
2018-10-11 06:57:45: Delete File 'C:/Users/Pooya/Documents/GitHub/shirazipooya.github.io/page/matlabreference/page/matlabreference/images/full/Book_02.png'
2018-10-11 06:57:45: Delete File 'C:/Users/Pooya/Documents/GitHub/shirazipooya.github.io/page/matlabreference/page/matlabreference/images/full/Book_03.png'
2018-10-11 06:57:45: Delete File 'C:/Users/Pooya/Documents/GitHub/shirazipooya.github.io/page/matlabreference/page/matlabreference/images/full/Book_04.png'
2018-10-11 06:57:45: Delete File 'C:/Users/Pooya/Documents/GitHub/shirazipooya.github.io/page/matlabreference/page/matlabreference/images/full/Book_05.png'
2018-10-11 06:57:45: Delete Folder 'C:/Users/Pooya/Documents/GitHub/shirazipooya.github.io/page/matlabreference/page/matlabreference/images/full'
2018-10-11 06:57:45: Delete File 'C:/Users/Pooya/Documents/GitHub/shirazipooya.github.io/page/matlabreference/page/matlabreference/images/thumbs/1.png'
2018-10-11 06:57:45: Delete File 'C:/Users/Pooya/Documents/GitHub/shirazipooya.github.io/page/matlabreference/page/matlabreference/images/thumbs/2.png'
2018-10-11 06:57:45: Delete File 'C:/Users/Pooya/Documents/GitHub/shirazipooya.github.io/page/matlabreference/page/matlabreference/images/thumbs/3.png'
2018-10-11 06:57:45: Delete File 'C:/Users/Pooya/Documents/GitHub/shirazipooya.github.io/page/matlabreference/page/matlabreference/images/thumbs/4.png'
2018-10-11 06:57:45: Delete File 'C:/Users/Pooya/Documents/GitHub/shirazipooya.github.io/page/matlabreference/page/matlabreference/images/thumbs/5.png'
2018-10-11 06:57:45: Delete File 'C:/Users/Pooya/Documents/GitHub/shirazipooya.github.io/page/matlabreference/page/matlabreference/images/thumbs/Book_01.png'
2018-10-11 06:57:45: Delete File 'C:/Users/Pooya/Documents/GitHub/shirazipooya.github.io/page/matlabreference/page/matlabreference/images/thumbs/Book_02.png'
2018-10-11 06:57:45: Delete File 'C:/Users/Pooya/Documents/GitHub/shirazipooya.github.io/page/matlabreference/page/matlabreference/images/thumbs/Book_03.png'
2018-10-11 06:57:45: Delete File 'C:/Users/Pooya/Documents/GitHub/shirazipooya.github.io/page/matlabreference/page/matlabreference/images/thumbs/Book_04.png'
2018-10-11 06:57:45: Delete File 'C:/Users/Pooya/Documents/GitHub/shirazipooya.github.io/page/matlabreference/page/matlabreference/images/thumbs/Book_05.png'
2018-10-11 06:57:45: Delete Folder 'C:/Users/Pooya/Documents/GitHub/shirazipooya.github.io/page/matlabreference/page/matlabreference/images/thumbs'
2018-10-11 06:57:45: Delete Folder 'C:/Users/Pooya/Documents/GitHub/shirazipooya.github.io/page/matlabreference/page/matlabreference/images'
2018-10-11 06:57:45: Delete File 'C:/Users/Pooya/Documents/GitHub/shirazipooya.github.io/page/matlabreference/page/matlabreference/index.html'
2018-10-11 06:57:45: Delete File 'C:/Users/Pooya/Documents/GitHub/shirazipooya.github.io/page/matlabreference/page/matlabreference/index.xml'
2018-10-11 06:57:45: Delete File 'C:/Users/Pooya/Documents/GitHub/shirazipooya.github.io/page/matlabreference/page/matlabreference/js/modernizr.custom.js'
2018-10-11 06:57:45: Delete Folder 'C:/Users/Pooya/Documents/GitHub/shirazipooya.github.io/page/matlabreference/page/matlabreference/js'
2018-10-11 06:57:45: Delete Folder 'C:/Users/Pooya/Documents/GitHub/shirazipooya.github.io/page/matlabreference/page/matlabreference/post'
2018-10-11 06:57:45: Delete File 'C:/Users/Pooya/Documents/GitHub/shirazipooya.github.io/page/matlabreference/page/matlabreference/sitemap.xml'
2018-10-11 06:57:45: Delete File 'C:/Users/Pooya/Documents/GitHub/shirazipooya.github.io/page/matlabreference/page/matlabreference/tags/index.xml'
2018-10-11 06:57:45: Delete Folder 'C:/Users/Pooya/Documents/GitHub/shirazipooya.github.io/page/matlabreference/page/matlabreference/tags'
2018-10-11 06:57:45: Delete Folder 'C:/Users/Pooya/Documents/GitHub/shirazipooya.github.io/page/matlabreference/page/matlabreference'
2018-10-11 06:57:45: Delete Folder 'C:/Users/Pooya/Documents/GitHub/shirazipooya.github.io/page/matlabreference/page'
2018-10-11 06:57:45: Delete Folder 'C:/Users/Pooya/Documents/GitHub/shirazipooya.github.io/page/matlabreference/post'
2018-10-11 06:57:45: Delete File 'C:/Users/Pooya/Documents/GitHub/shirazipooya.github.io/page/matlabreference/sitemap.xml'
2018-10-11 06:57:45: Delete File 'C:/Users/Pooya/Documents/GitHub/shirazipooya.github.io/page/matlabreference/tags/index.xml'
2018-10-11 06:57:45: Delete Folder 'C:/Users/Pooya/Documents/GitHub/shirazipooya.github.io/page/matlabreference/tags'
2018-10-11 06:57:45: Copy Over 'C:/Users/Pooya/Documents/GitHub/createMyWebsite/public/page/matlabreference/index.html' -> 'C:/Users/Pooya/Documents/GitHub/shirazipooya.github.io/page/matlabreference/index.html' (2,917)
2018-10-11 06:57:45: == Sync Complete. Time: 00:00:01, Speed: 682 KB/s, OK: 86, Errors: 0
2018-10-11 06:57:45: 
